<?xml version="1.0" encoding="UTF-8"?>
<!-- Generated by org.testng.reporters.JUnitXMLReporter -->
<testsuite ignored="3" hostname="AIPL5994LT13664" failures="0" tests="3" name="Default test" time="6.345" errors="0" timestamp="2022-08-25T18:22:39 IST">
  <testcase classname="RestAssuredAutomation.RestAssuredAutomation.Request_Response" name="createNewEmployeesUsingDataDrivenPostMethod" time="3.234"/>
  <testcase classname="RestAssuredAutomation.RestAssuredAutomation.Request_Response" name="createNewEmployeesUsingDataDrivenPostMethod" time="1.354"/>
  <testcase classname="RestAssuredAutomation.RestAssuredAutomation.Request_Response" name="createNewEmployeesUsingDataDrivenPostMethod" time="1.288"/>
  <testcase classname="RestAssuredAutomation.RestAssuredAutomation.Request_Response" name="getUsersDetails" time="0.0">
    <ignored/>
  </testcase> <!-- getUsersDetails -->
  <testcase classname="RestAssuredAutomation.RestAssuredAutomation.Request_Response" name="createNewUserPostMethod" time="0.0">
    <ignored/>
  </testcase> <!-- createNewUserPostMethod -->
  <testcase classname="RestAssuredAutomation.RestAssuredAutomation.Request_Response" name="getAllHeaderValuesPostMethod" time="0.0">
    <ignored/>
  </testcase> <!-- getAllHeaderValuesPostMethod -->
</testsuite> <!-- Default test -->
