<?xml version="1.0" encoding="UTF-8"?>
<testng-results ignored="3" total="6" passed="3" failed="0" skipped="0">
  <reporter-output>
  </reporter-output>
  <suite started-at="2022-08-25T18:22:32 IST" name="Default suite" finished-at="2022-08-25T18:22:39 IST" duration-ms="6345">
    <groups>
    </groups>
    <test started-at="2022-08-25T18:22:32 IST" name="Default test" finished-at="2022-08-25T18:22:39 IST" duration-ms="6345">
      <class name="RestAssuredAutomation.RestAssuredAutomation.Request_Response">
        <test-method is-config="true" signature="setBaseURI()[pri:0, instance:RestAssuredAutomation.RestAssuredAutomation.Request_Response@3e58a80e]" started-at="2022-08-25T18:22:32 IST" name="setBaseURI" finished-at="2022-08-25T18:22:33 IST" duration-ms="428" status="PASS">
          <reporter-output>
          </reporter-output>
        </test-method> <!-- setBaseURI -->
        <test-method signature="createNewEmployeesUsingDataDrivenPostMethod(java.lang.String,java.lang.String,java.lang.String)[pri:0, instance:RestAssuredAutomation.RestAssuredAutomation.Request_Response@3e58a80e]" started-at="2022-08-25T18:22:33 IST" name="createNewEmployeesUsingDataDrivenPostMethod" data-provider="DDMethod" finished-at="2022-08-25T18:22:36 IST" duration-ms="3234" status="PASS">
          <params>
            <param index="0">
              <value>
                <![CDATA[Manikandan]]>
              </value>
            </param>
            <param index="1">
              <value>
                <![CDATA[10000]]>
              </value>
            </param>
            <param index="2">
              <value>
                <![CDATA[28]]>
              </value>
            </param>
          </params>
          <reporter-output>
          </reporter-output>
        </test-method> <!-- createNewEmployeesUsingDataDrivenPostMethod -->
        <test-method signature="createNewEmployeesUsingDataDrivenPostMethod(java.lang.String,java.lang.String,java.lang.String)[pri:0, instance:RestAssuredAutomation.RestAssuredAutomation.Request_Response@3e58a80e]" started-at="2022-08-25T18:22:36 IST" name="createNewEmployeesUsingDataDrivenPostMethod" data-provider="DDMethod" finished-at="2022-08-25T18:22:37 IST" duration-ms="1354" status="PASS">
          <params>
            <param index="0">
              <value>
                <![CDATA[Srinivasan]]>
              </value>
            </param>
            <param index="1">
              <value>
                <![CDATA[10000]]>
              </value>
            </param>
            <param index="2">
              <value>
                <![CDATA[30]]>
              </value>
            </param>
          </params>
          <reporter-output>
          </reporter-output>
        </test-method> <!-- createNewEmployeesUsingDataDrivenPostMethod -->
        <test-method signature="createNewEmployeesUsingDataDrivenPostMethod(java.lang.String,java.lang.String,java.lang.String)[pri:0, instance:RestAssuredAutomation.RestAssuredAutomation.Request_Response@3e58a80e]" started-at="2022-08-25T18:22:37 IST" name="createNewEmployeesUsingDataDrivenPostMethod" data-provider="DDMethod" finished-at="2022-08-25T18:22:39 IST" duration-ms="1288" status="PASS">
          <params>
            <param index="0">
              <value>
                <![CDATA[Gopal]]>
              </value>
            </param>
            <param index="1">
              <value>
                <![CDATA[12220]]>
              </value>
            </param>
            <param index="2">
              <value>
                <![CDATA[28]]>
              </value>
            </param>
          </params>
          <reporter-output>
          </reporter-output>
        </test-method> <!-- createNewEmployeesUsingDataDrivenPostMethod -->
      </class> <!-- RestAssuredAutomation.RestAssuredAutomation.Request_Response -->
    </test> <!-- Default test -->
  </suite> <!-- Default suite -->
</testng-results>
